<?xml version="1.0" encoding="UTF-8"?>
<!-- Generated by org.testng.reporters.JUnitReportReporter -->
<testsuite skipped="0" hostname="Seshadri" name="com.crm.qa.testcases.LoginPageTest" tests="3" failures="0" timestamp="16 Dec 2018 19:32:53 GMT" time="75.417" errors="0">
  <testcase name="loginPageTitleTest" time="17.676" classname="com.crm.qa.testcases.LoginPageTest"/>
  <testcase name="crmLogoImageTest" time="22.581" classname="com.crm.qa.testcases.LoginPageTest"/>
  <testcase name="loginTest" time="35.160" classname="com.crm.qa.testcases.LoginPageTest"/>
</testsuite> <!-- com.crm.qa.testcases.LoginPageTest -->
